<?xml version="1.0" encoding="UTF-8"?>
<testsuite name="util.VideoStorageUtilTest" tests="6" skipped="0" failures="0" errors="0" timestamp="2023-02-17T14:07:42" hostname="shimokita" time="0.012">
  <properties/>
  <testcase name="when video is uploaded Then Loading It Should Succeed()" classname="util.VideoStorageUtilTest" time="0.005"/>
  <testcase name="when An Uploaded File Is Deleted Then Existence Check Returns False()" classname="util.VideoStorageUtilTest" time="0.001"/>
  <testcase name="when Checking For A Video That Does Not Exist Then Return False()" classname="util.VideoStorageUtilTest" time="0.0"/>
  <testcase name="when Checking For A Video That Has Been Uploaded Then Return True()" classname="util.VideoStorageUtilTest" time="0.001"/>
  <testcase name="when Absolute Path Is Uploaded Then Throw Exception()" classname="util.VideoStorageUtilTest" time="0.002"/>
  <testcase name="when Relative Path To File Is Uploaded Then Throw Exception()" classname="util.VideoStorageUtilTest" time="0.0"/>
  <system-out><![CDATA[]]></system-out>
  <system-err><![CDATA[]]></system-err>
</testsuite>
