<?xml version="1.0" encoding="UTF-8"?>
<testsuite name="controller.FilesApiControllerTest" tests="9" skipped="0" failures="0" errors="0" timestamp="2023-02-17T14:07:42" hostname="shimokita" time="0.158">
  <properties/>
  <testcase name="when There Are No Videos Then Return Empty List()" classname="controller.FilesApiControllerTest" time="0.094"/>
  <testcase name="when File ID Is Invalid Then Return Bad Request Response()" classname="controller.FilesApiControllerTest" time="0.011"/>
  <testcase name="when Video Already Exists Then Return Conflict Response()" classname="controller.FilesApiControllerTest" time="0.023"/>
  <testcase name="when Valid File ID Is Provided Then Return OK()" classname="controller.FilesApiControllerTest" time="0.004"/>
  <testcase name="when Video Exists Then Return Resource()" classname="controller.FilesApiControllerTest" time="0.004"/>
  <testcase name="when Videos Are Present Then Return List Of Uploaded Files()" classname="controller.FilesApiControllerTest" time="0.004"/>
  <testcase name="when File Is Not The Right Content Type Then Return Unspported Type Response()" classname="controller.FilesApiControllerTest" time="0.002"/>
  <testcase name="when IOException Occurs Then Return Bad Request Response()" classname="controller.FilesApiControllerTest" time="0.004"/>
  <testcase name="when Video Is Valid Then Upload Successfully()" classname="controller.FilesApiControllerTest" time="0.003"/>
  <system-out><![CDATA[23:07:40.466 [Test worker] DEBUG org.springframework.test.context.support.AbstractContextLoader - Could not detect default resource locations for test class [controller.FilesApiControllerTest]: no resource found for suffixes {-context.xml, Context.groovy}.
23:07:40.517 [Test worker] DEBUG org.springframework.boot.test.autoconfigure.web.servlet.WebMvcTestContextBootstrapper - Using ContextCustomizers for test class [FilesApiControllerTest]: [DisableAutoConfigurationContextCustomizer, DisableObservabilityContextCustomizer, TypeExcludeFiltersContextCustomizer, PropertyMappingContextCustomizer, Customizer, ImportsContextCustomizer, ExcludeFilterContextCustomizer, DuplicateJsonObjectContextCustomizer, MockitoContextCustomizer]
23:07:40.552 [Test worker] DEBUG org.springframework.boot.test.autoconfigure.web.servlet.WebMvcTestContextBootstrapper - Using TestExecutionListeners for test class [FilesApiControllerTest]: [ServletTestExecutionListener, DirtiesContextBeforeModesTestExecutionListener, ApplicationEventsTestExecutionListener, MockitoTestExecutionListener, DependencyInjectionTestExecutionListener, DirtiesContextTestExecutionListener, TransactionalTestExecutionListener, SqlScriptsTestExecutionListener, EventPublishingTestExecutionListener, RestDocsTestExecutionListener, MockRestServiceServerResetTestExecutionListener, MockMvcPrintOnlyOnFailureTestExecutionListener, WebDriverTestExecutionListener, MockWebServiceServerTestExecutionListener, ResetMocksTestExecutionListener]
23:07:40.553 [Test worker] DEBUG org.springframework.test.context.support.AbstractDirtiesContextTestExecutionListener - Before test class: class [FilesApiControllerTest], class annotated with @DirtiesContext [false] with mode [null]

  .   ____          _            __ _ _
 /\\ / ___'_ __ _ _(_)_ __  __ _ \ \ \ \
( ( )\___ | '_ | '_| | '_ \/ _` | \ \ \ \
 \\/  ___)| |_)| | | | | || (_| |  ) ) ) )
  '  |____| .__|_| |_|_| |_\__, | / / / /
 =========|_|==============|___/=/_/_/_/
 :: Spring Boot ::                (v3.0.2)

2023-02-17T23:07:40.866+09:00  INFO 147704 --- [    Test worker] controller.FilesApiControllerTest        : Starting FilesApiControllerTest using Java 17.0.6 with PID 147704 (started by khurem in /home/khurem/IdeaProjects/WovenTakeHome)
2023-02-17T23:07:40.868+09:00  INFO 147704 --- [    Test worker] controller.FilesApiControllerTest        : No active profile set, falling back to 1 default profile: "default"
2023-02-17T23:07:42.407+09:00  INFO 147704 --- [    Test worker] o.s.b.t.m.w.SpringBootMockServletContext : Initializing Spring TestDispatcherServlet ''
2023-02-17T23:07:42.408+09:00  INFO 147704 --- [    Test worker] o.s.t.web.servlet.TestDispatcherServlet  : Initializing Servlet ''
2023-02-17T23:07:42.411+09:00  INFO 147704 --- [    Test worker] o.s.t.web.servlet.TestDispatcherServlet  : Completed initialization in 1 ms
2023-02-17T23:07:42.433+09:00  INFO 147704 --- [    Test worker] controller.FilesApiControllerTest        : Started FilesApiControllerTest in 1.836 seconds (process running for 2.649)
]]></system-out>
  <system-err><![CDATA[]]></system-err>
</testsuite>
